<?xml version="1.0" encoding="UTF-8"?>
<!-- Generated by org.testng.reporters.JUnitReportReporter -->
<testsuite hostname="LAPTOP-CTGR88I4" failures="0" tests="1" name="tests.Testing" time="7.470" errors="0" timestamp="5 Feb 2022 14:50:30 GMT">
  <testcase classname="tests.Testing" name="Test" time="7.470"/>
</testsuite> <!-- tests.Testing -->
